<?xml version="1.0" encoding="UTF-8"?>
<!-- Generated by org.testng.reporters.JUnitReportReporter -->
<testsuite hostname="DESKTOP-9V99BD6" failures="0" tests="1" name="com.comcast.crm.orgtest.CreateOrgTest" time="12.768" errors="0" timestamp="2025-06-11T13:21:18 IST" skipped="0">
  <testcase classname="com.comcast.crm.orgtest.CreateOrgTest" name="createOrgTest" time="12.768"/>
</testsuite> <!-- com.comcast.crm.orgtest.CreateOrgTest -->
