<?xml version="1.0" encoding="UTF-8"?>
<!-- Generated by org.testng.reporters.JUnitReportReporter -->
<testsuite hostname="DESKTOP-9V99BD6" failures="0" tests="1" name="com.comcast.crm.contacttest.CreateContactTest" time="12.352" errors="0" timestamp="2025-06-11T15:16:33 IST" skipped="0">
  <testcase classname="com.comcast.crm.contacttest.CreateContactTest" name="createContactTest" time="12.352"/>
</testsuite> <!-- com.comcast.crm.contacttest.CreateContactTest -->
