<?xml version="1.0" encoding="UTF-8"?>
<!-- Generated by org.testng.reporters.JUnitReportReporter -->
<testsuite hostname="DESKTOP-9V99BD6" failures="0" tests="1" name="com.comcast.crm.orgtest.CreateOrgWithIndustryTest" time="14.695" errors="0" timestamp="2025-06-11T13:21:18 IST" skipped="0">
  <testcase classname="com.comcast.crm.orgtest.CreateOrgWithIndustryTest" name="createOrgWithIndustryTest" time="14.695"/>
</testsuite> <!-- com.comcast.crm.orgtest.CreateOrgWithIndustryTest -->
