<?xml version="1.0" encoding="UTF-8"?>
<!-- Generated by org.testng.reporters.JUnitReportReporter -->
<testsuite hostname="DESKTOP-9V99BD6" failures="0" tests="1" name="com.comcast.crm.contacttest.CreateContactWithOrgTest" time="22.980" errors="0" timestamp="2025-06-13T14:50:10 IST" skipped="0">
  <testcase classname="com.comcast.crm.contacttest.CreateContactWithOrgTest" name="createContactWithOrgTest" time="22.980"/>
  <system-out/>
</testsuite> <!-- com.comcast.crm.contacttest.CreateContactWithOrgTest -->
