<?xml version="1.0" encoding="UTF-8"?>
<!-- Generated by org.testng.reporters.JUnitReportReporter -->
<testsuite hostname="DESKTOP-9V99BD6" failures="0" tests="1" name="com.comcast.crm.genericwebdriverutility.JavaUtility" time="0.087" errors="0" timestamp="2025-06-11T14:56:27 IST" skipped="0">
  <testcase classname="com.comcast.crm.genericwebdriverutility.JavaUtility" name="print" time="0.087"/>
</testsuite> <!-- com.comcast.crm.genericwebdriverutility.JavaUtility -->
