<?xml version="1.0" encoding="UTF-8"?>
<!-- Generated by org.testng.reporters.JUnitReportReporter -->
<testsuite hostname="DESKTOP-9V99BD6" failures="0" tests="1" name="com.comcast.crm.orgtest.CreateOrgWithPhoneTest" time="13.120" errors="0" timestamp="2025-06-11T13:21:18 IST" skipped="0">
  <testcase classname="com.comcast.crm.orgtest.CreateOrgWithPhoneTest" name="createOrgWithPhoneTest" time="13.120"/>
</testsuite> <!-- com.comcast.crm.orgtest.CreateOrgWithPhoneTest -->
